  lb_4.cpp
H:\ВТ\ВТ_ЛБ_4\lb_4.cpp(22,1): warning C4326: возвращаемый тип "main" должен быть "int", а не "void"
H:\ВТ\ВТ_ЛБ_4\lb_4.cpp(36,5): error C4235: использовано нестандартное расширение: ключевое слово "__asm" данной архитектурой не поддерживается
H:\ВТ\ВТ_ЛБ_4\lb_4.cpp(38,9): error C2065: mov: необъявленный идентификатор
H:\ВТ\ВТ_ЛБ_4\lb_4.cpp(38,13): error C2146: синтаксическая ошибка: отсутствие ";" перед идентификатором "EAX"
H:\ВТ\ВТ_ЛБ_4\lb_4.cpp(38,13): error C2065: EAX: необъявленный идентификатор
H:\ВТ\ВТ_ЛБ_4\lb_4.cpp(39,9): error C2065: mov: необъявленный идентификатор
H:\ВТ\ВТ_ЛБ_4\lb_4.cpp(39,13): error C2146: синтаксическая ошибка: отсутствие ";" перед идентификатором "dword"
H:\ВТ\ВТ_ЛБ_4\lb_4.cpp(39,13): error C2065: dword: необъявленный идентификатор
H:\ВТ\ВТ_ЛБ_4\lb_4.cpp(39,19): error C2146: синтаксическая ошибка: отсутствие ";" перед идентификатором "ptr"
H:\ВТ\ВТ_ЛБ_4\lb_4.cpp(39,19): error C2065: ptr: необъявленный идентификатор
H:\ВТ\ВТ_ЛБ_4\lb_4.cpp(40,9): error C2146: синтаксическая ошибка: отсутствие ";" перед идентификатором "mov"
H:\ВТ\ВТ_ЛБ_4\lb_4.cpp(40,9): error C2065: mov: необъявленный идентификатор
H:\ВТ\ВТ_ЛБ_4\lb_4.cpp(40,13): error C2146: синтаксическая ошибка: отсутствие ";" перед идентификатором "ECX"
H:\ВТ\ВТ_ЛБ_4\lb_4.cpp(40,13): error C2065: ECX: необъявленный идентификатор
H:\ВТ\ВТ_ЛБ_4\lb_4.cpp(41,9): error C2146: синтаксическая ошибка: отсутствие ";" перед идентификатором "nextX"
H:\ВТ\ВТ_ЛБ_4\lb_4.cpp(42,9): error C2065: call: необъявленный идентификатор
H:\ВТ\ВТ_ЛБ_4\lb_4.cpp(42,14): error C2146: синтаксическая ошибка: отсутствие ";" перед идентификатором "Prime"
H:\ВТ\ВТ_ЛБ_4\lb_4.cpp(42,14): error C2065: Prime: необъявленный идентификатор
H:\ВТ\ВТ_ЛБ_4\lb_4.cpp(43,13): error C2146: синтаксическая ошибка: отсутствие ";" перед идентификатором "add"
H:\ВТ\ВТ_ЛБ_4\lb_4.cpp(43,13): error C2065: add: необъявленный идентификатор
H:\ВТ\ВТ_ЛБ_4\lb_4.cpp(43,17): error C2146: синтаксическая ошибка: отсутствие ";" перед идентификатором "dword"
H:\ВТ\ВТ_ЛБ_4\lb_4.cpp(43,17): error C2065: dword: необъявленный идентификатор
H:\ВТ\ВТ_ЛБ_4\lb_4.cpp(43,23): error C2146: синтаксическая ошибка: отсутствие ";" перед идентификатором "ptr"
H:\ВТ\ВТ_ЛБ_4\lb_4.cpp(43,23): error C2065: ptr: необъявленный идентификатор
H:\ВТ\ВТ_ЛБ_4\lb_4.cpp(44,13): error C2146: синтаксическая ошибка: отсутствие ";" перед идентификатором "loop"
H:\ВТ\ВТ_ЛБ_4\lb_4.cpp(44,13): error C2065: loop: необъявленный идентификатор
H:\ВТ\ВТ_ЛБ_4\lb_4.cpp(44,18): error C2146: синтаксическая ошибка: отсутствие ";" перед идентификатором "nextX"
H:\ВТ\ВТ_ЛБ_4\lb_4.cpp(44,18): error C2065: nextX: необъявленный идентификатор
H:\ВТ\ВТ_ЛБ_4\lb_4.cpp(45,13): error C2146: синтаксическая ошибка: отсутствие ";" перед идентификатором "jmp"
H:\ВТ\ВТ_ЛБ_4\lb_4.cpp(45,13): error C2065: jmp: необъявленный идентификатор
H:\ВТ\ВТ_ЛБ_4\lb_4.cpp(45,17): error C2146: синтаксическая ошибка: отсутствие ";" перед идентификатором "quit"
H:\ВТ\ВТ_ЛБ_4\lb_4.cpp(45,17): error C2065: quit: необъявленный идентификатор
H:\ВТ\ВТ_ЛБ_4\lb_4.cpp(47,13): error C2146: синтаксическая ошибка: отсутствие ";" перед идентификатором "Prime"
H:\ВТ\ВТ_ЛБ_4\lb_4.cpp(48,9): error C2065: cmp: необъявленный идентификатор
H:\ВТ\ВТ_ЛБ_4\lb_4.cpp(48,13): error C2146: синтаксическая ошибка: отсутствие ";" перед идентификатором "dword"
H:\ВТ\ВТ_ЛБ_4\lb_4.cpp(48,13): error C2065: dword: необъявленный идентификатор
H:\ВТ\ВТ_ЛБ_4\lb_4.cpp(48,19): error C2146: синтаксическая ошибка: отсутствие ";" перед идентификатором "ptr"
H:\ВТ\ВТ_ЛБ_4\lb_4.cpp(48,19): error C2065: ptr: необъявленный идентификатор
H:\ВТ\ВТ_ЛБ_4\lb_4.cpp(49,13): error C2146: синтаксическая ошибка: отсутствие ";" перед идентификатором "je"
H:\ВТ\ВТ_ЛБ_4\lb_4.cpp(49,13): error C2065: je: необъявленный идентификатор
H:\ВТ\ВТ_ЛБ_4\lb_4.cpp(49,16): error C2146: синтаксическая ошибка: отсутствие ";" перед идентификатором "prm"
H:\ВТ\ВТ_ЛБ_4\lb_4.cpp(49,16): error C2065: prm: необъявленный идентификатор
H:\ВТ\ВТ_ЛБ_4\lb_4.cpp(50,13): error C2146: синтаксическая ошибка: отсутствие ";" перед идентификатором "ja"
H:\ВТ\ВТ_ЛБ_4\lb_4.cpp(50,13): error C2065: ja: необъявленный идентификатор
H:\ВТ\ВТ_ЛБ_4\lb_4.cpp(50,16): error C2146: синтаксическая ошибка: отсутствие ";" перед идентификатором "jmp1"
H:\ВТ\ВТ_ЛБ_4\lb_4.cpp(50,16): error C2065: jmp1: необъявленный идентификатор
H:\ВТ\ВТ_ЛБ_4\lb_4.cpp(51,13): error C2146: синтаксическая ошибка: отсутствие ";" перед идентификатором "ret"
H:\ВТ\ВТ_ЛБ_4\lb_4.cpp(51,13): error C2065: ret: необъявленный идентификатор
H:\ВТ\ВТ_ЛБ_4\lb_4.cpp(53,13): error C2146: синтаксическая ошибка: отсутствие ";" перед идентификатором "jmp1"
H:\ВТ\ВТ_ЛБ_4\lb_4.cpp(54,9): error C2059: синтаксическая ошибка: ||
