  class.cpp
H:\ООП\ООП_ЛБ_3\ООП_ЛБ_3\class.cpp(28,21): warning C4018: <: несоответствие типов со знаком и без знака
H:\ООП\ООП_ЛБ_3\ООП_ЛБ_3\class.cpp(38,21): warning C4018: <: несоответствие типов со знаком и без знака
H:\ООП\ООП_ЛБ_3\ООП_ЛБ_3\class.cpp(49,21): warning C4018: <: несоответствие типов со знаком и без знака
H:\ООП\ООП_ЛБ_3\ООП_ЛБ_3\class.cpp(61,21): warning C4018: <: несоответствие типов со знаком и без знака
H:\ООП\ООП_ЛБ_3\ООП_ЛБ_3\class.cpp(118,21): warning C4018: <: несоответствие типов со знаком и без знака
H:\ООП\ООП_ЛБ_3\ООП_ЛБ_3\class.cpp(130,21): warning C4018: <: несоответствие типов со знаком и без знака
H:\ООП\ООП_ЛБ_3\ООП_ЛБ_3\class.cpp(142,21): warning C4018: <: несоответствие типов со знаком и без знака
H:\ООП\ООП_ЛБ_3\ООП_ЛБ_3\class.cpp(154,21): warning C4018: <: несоответствие типов со знаком и без знака
H:\ООП\ООП_ЛБ_3\ООП_ЛБ_3\class.cpp(184,21): warning C4018: <: несоответствие типов со знаком и без знака
H:\ООП\ООП_ЛБ_3\ООП_ЛБ_3\class.cpp(193,21): warning C4018: <: несоответствие типов со знаком и без знака
H:\ООП\ООП_ЛБ_3\ООП_ЛБ_3\class.cpp(223,22): warning C4018: <: несоответствие типов со знаком и без знака
H:\ООП\ООП_ЛБ_3\ООП_ЛБ_3\class.cpp(239,22): warning C4018: <: несоответствие типов со знаком и без знака
H:\ООП\ООП_ЛБ_3\ООП_ЛБ_3\class.cpp(256,22): warning C4018: <: несоответствие типов со знаком и без знака
H:\ООП\ООП_ЛБ_3\ООП_ЛБ_3\class.cpp(290,22): warning C4018: <: несоответствие типов со знаком и без знака
H:\ООП\ООП_ЛБ_3\ООП_ЛБ_3\class.cpp(306,22): warning C4018: <: несоответствие типов со знаком и без знака
H:\ООП\ООП_ЛБ_3\ООП_ЛБ_3\class.cpp(323,22): warning C4018: <: несоответствие типов со знаком и без знака
H:\ООП\ООП_ЛБ_3\ООП_ЛБ_3\class.cpp(358,22): warning C4018: <: несоответствие типов со знаком и без знака
H:\ООП\ООП_ЛБ_3\ООП_ЛБ_3\class.cpp(378,22): warning C4018: <: несоответствие типов со знаком и без знака
H:\ООП\ООП_ЛБ_3\ООП_ЛБ_3\class.cpp(395,22): warning C4018: <: несоответствие типов со знаком и без знака
H:\ООП\ООП_ЛБ_3\ООП_ЛБ_3\class.cpp(426,21): warning C4018: <: несоответствие типов со знаком и без знака
H:\ООП\ООП_ЛБ_3\ООП_ЛБ_3\class.cpp(434,21): warning C4018: <: несоответствие типов со знаком и без знака
  ООП_ЛБ_3.cpp
  Создание кода...
  LINK : не найден или не выполнена сборка H:\ООП\ООП_ЛБ_3\Debug\ООП_ЛБ_3.exe при последней инкрементной компоновке; выполняется полная компоновка
class.obj : error LNK2001: неразрешенный внешний символ "private: static int cl::Vector::countVector" (?countVector@Vector@cl@@0HA).
H:\ООП\ООП_ЛБ_3\Debug\ООП_ЛБ_3.exe : fatal error LNK1120: неразрешенных внешних элементов: 1
